app/build/intermediates/manifest_merge_blame_file/debug/manifest-merger-blame-debug-report.txt
1<?xml version="1.0" encoding="utf-8"?>
2<manifest xmlns:android="http://schemas.android.com/apk/res/android"
3    package="com.example.android.evmap"
4    android:versionCode="1"
5    android:versionName="1.0" >
6
7    <uses-sdk
8        android:minSdkVersion="22"
8-->src\main\AndroidManifest.xml
9        android:targetSdkVersion="29" />
9-->src\main\AndroidManifest.xml
10    <!--
11         The ACCESS_COARSE/FINE_LOCATION permissions are not required to use
12         Google Maps Android API v2, but you must specify either coarse or fine
13         location permissions for the 'MyLocation' functionality.
14    -->
15    <uses-permission android:name="android.permission.INTERNET" />
15-->src\main\AndroidManifest.xml:9:5-67
15-->src\main\AndroidManifest.xml:9:22-64
16    <uses-permission android:name="android.permission.ACCESS_FINE_LOCATION" />
16-->src\main\AndroidManifest.xml:10:5-79
16-->src\main\AndroidManifest.xml:10:22-76
17    <uses-permission android:name="android.permission.ACCESS_WIFI_STATE" />
17-->src\main\AndroidManifest.xml:11:5-76
17-->src\main\AndroidManifest.xml:11:22-73
18
19    <!-- Include required permissions for Google Maps API to run. -->
20    <uses-permission android:name="android.permission.ACCESS_NETWORK_STATE" />
20-->[com.google.android.gms:play-services-maps:16.1.0] AndroidManifest.xml:23:5-79
20-->[com.google.android.gms:play-services-maps:16.1.0] AndroidManifest.xml:23:22-76
21
22    <uses-feature
22-->[com.google.android.gms:play-services-maps:16.1.0] AndroidManifest.xml:26:5-28:35
23        android:glEsVersion="0x00020000"
23-->[com.google.android.gms:play-services-maps:16.1.0] AndroidManifest.xml:27:9-41
24        android:required="true" />
24-->[com.google.android.gms:play-services-maps:16.1.0] AndroidManifest.xml:28:9-32
25
26    <application
26-->src\main\AndroidManifest.xml:13:5-44:19
27        android:name="com.example.android.evmap.EVapplication"
27-->src\main\AndroidManifest.xml:14:9-38
28        android:allowBackup="true"
28-->src\main\AndroidManifest.xml:15:9-35
29        android:appComponentFactory="androidx.core.app.CoreComponentFactory"
29-->[androidx.core:core:1.0.1] AndroidManifest.xml:22:18-86
30        android:debuggable="true"
31        android:icon="@mipmap/ic_launcher"
31-->src\main\AndroidManifest.xml:16:9-43
32        android:label="@string/app_name"
32-->src\main\AndroidManifest.xml:17:9-41
33        android:roundIcon="@mipmap/ic_launcher_round"
33-->src\main\AndroidManifest.xml:18:9-54
34        android:supportsRtl="true"
34-->src\main\AndroidManifest.xml:19:9-35
35        android:theme="@style/AppTheme" >
35-->src\main\AndroidManifest.xml:20:9-40
36        <activity android:name="com.example.android.evmap.MoreInfoActivity" />
36-->src\main\AndroidManifest.xml:21:9-63
36-->src\main\AndroidManifest.xml:21:19-51
37        <activity android:name="com.example.android.evmap.StationActivity" />
37-->src\main\AndroidManifest.xml:22:9-53
37-->src\main\AndroidManifest.xml:22:19-50
38        <!--
39             The API key for Google Maps-based APIs is defined as a string resource.
40             (See the file "res/values/google_maps_api.xml").
41             Note that the API key is linked to the encryption key used to sign the APK.
42             You need a different API key for each encryption key, including the release key that is used to
43             sign the APK for publishing.
44             You can define the keys for the debug and release targets in src/debug/ and src/release/.
45        -->
46        <meta-data
46-->src\main\AndroidManifest.xml:31:9-33:55
47            android:name="com.google.android.geo.API_KEY"
47-->src\main\AndroidManifest.xml:32:13-58
48            android:value="@string/google_maps_key" />
48-->src\main\AndroidManifest.xml:33:13-52
49
50        <activity
50-->src\main\AndroidManifest.xml:35:9-43:20
51            android:name="com.example.android.evmap.MapsActivity"
51-->src\main\AndroidManifest.xml:36:13-41
52            android:label="@string/title_activity_maps" >
52-->src\main\AndroidManifest.xml:37:13-56
53            <intent-filter>
53-->src\main\AndroidManifest.xml:38:13-42:29
54                <action android:name="android.intent.action.MAIN" />
54-->src\main\AndroidManifest.xml:39:17-69
54-->src\main\AndroidManifest.xml:39:25-66
55
56                <category android:name="android.intent.category.LAUNCHER" />
56-->src\main\AndroidManifest.xml:41:17-77
56-->src\main\AndroidManifest.xml:41:27-74
57            </intent-filter>
58        </activity>
59        <!-- Autocomplete -->
60        <activity
60-->[com.google.android.libraries.places:places:1.0.0] AndroidManifest.xml:16:9-23:20
61            android:name="com.google.android.libraries.places.widget.AutocompleteActivity"
61-->[com.google.android.libraries.places:places:1.0.0] AndroidManifest.xml:17:13-91
62            android:exported="false"
62-->[com.google.android.libraries.places:places:1.0.0] AndroidManifest.xml:18:13-37
63            android:hardwareAccelerated="true"
63-->[com.google.android.libraries.places:places:1.0.0] AndroidManifest.xml:19:13-47
64            android:label="@string/places_autocomplete_label"
64-->[com.google.android.libraries.places:places:1.0.0] AndroidManifest.xml:20:13-62
65            android:theme="@style/PlacesAutocompleteThemeOverlay"
65-->[com.google.android.libraries.places:places:1.0.0] AndroidManifest.xml:21:13-66
66            android:windowSoftInputMode="stateAlwaysVisible|adjustPan" >
66-->[com.google.android.libraries.places:places:1.0.0] AndroidManifest.xml:22:13-71
67        </activity> <!-- Needs to be explicitly declared on P+ -->
68        <uses-library
68-->[com.google.android.gms:play-services-maps:16.1.0] AndroidManifest.xml:33:9-35:40
69            android:name="org.apache.http.legacy"
69-->[com.google.android.gms:play-services-maps:16.1.0] AndroidManifest.xml:34:13-50
70            android:required="false" />
70-->[com.google.android.gms:play-services-maps:16.1.0] AndroidManifest.xml:35:13-37
71
72        <activity
72-->[com.google.android.gms:play-services-base:17.0.0] AndroidManifest.xml:23:9-26:75
73            android:name="com.google.android.gms.common.api.GoogleApiActivity"
73-->[com.google.android.gms:play-services-base:17.0.0] AndroidManifest.xml:24:13-79
74            android:exported="false"
74-->[com.google.android.gms:play-services-base:17.0.0] AndroidManifest.xml:25:13-37
75            android:theme="@android:style/Theme.Translucent.NoTitleBar" />
75-->[com.google.android.gms:play-services-base:17.0.0] AndroidManifest.xml:26:13-72
76
77        <provider
77-->[com.squareup.picasso:picasso:2.71828] AndroidManifest.xml:8:9-11:40
78            android:name="com.squareup.picasso.PicassoProvider"
78-->[com.squareup.picasso:picasso:2.71828] AndroidManifest.xml:9:13-64
79            android:authorities="com.example.android.evmap.com.squareup.picasso"
79-->[com.squareup.picasso:picasso:2.71828] AndroidManifest.xml:10:13-72
80            android:exported="false" />
80-->[com.squareup.picasso:picasso:2.71828] AndroidManifest.xml:11:13-37
81
82        <meta-data
82-->[com.google.android.gms:play-services-basement:17.0.0] AndroidManifest.xml:23:9-25:69
83            android:name="com.google.android.gms.version"
83-->[com.google.android.gms:play-services-basement:17.0.0] AndroidManifest.xml:24:13-58
84            android:value="@integer/google_play_services_version" />
84-->[com.google.android.gms:play-services-basement:17.0.0] AndroidManifest.xml:25:13-66
85    </application>
86
87</manifest>